{"/Users/christinasantos/Related-Service/client/src/components/App.jsx": {"path":"/Users/christinasantos/Related-Service/client/src/components/App.jsx","statementMap":{"0":{"start":{"line":9,"column":4},"end":{"line":9,"column":17}},"1":{"start":{"line":11,"column":4},"end":{"line":14,"column":6}},"2":{"start":{"line":16,"column":4},"end":{"line":16,"column":49}},"3":{"start":{"line":20,"column":4},"end":{"line":20,"column":22}},"4":{"start":{"line":24,"column":29},"end":{"line":24,"column":39}},"5":{"start":{"line":25,"column":4},"end":{"line":31,"column":9}},"6":{"start":{"line":27,"column":8},"end":{"line":30,"column":11}},"7":{"start":{"line":35,"column":33},"end":{"line":35,"column":43}},"8":{"start":{"line":36,"column":4},"end":{"line":41,"column":6}},"9":{"start":{"line":45,"column":0},"end":{"line":47,"column":2}},"10":{"start":{"line":49,"column":0},"end":{"line":51,"column":2}}},"fnMap":{"0":{"name":"(anonymous_0)","decl":{"start":{"line":8,"column":2},"end":{"line":8,"column":3}},"loc":{"start":{"line":8,"column":21},"end":{"line":17,"column":3}},"line":8},"1":{"name":"(anonymous_1)","decl":{"start":{"line":19,"column":2},"end":{"line":19,"column":3}},"loc":{"start":{"line":19,"column":22},"end":{"line":21,"column":3}},"line":19},"2":{"name":"(anonymous_2)","decl":{"start":{"line":23,"column":2},"end":{"line":23,"column":3}},"loc":{"start":{"line":23,"column":15},"end":{"line":32,"column":3}},"line":23},"3":{"name":"(anonymous_3)","decl":{"start":{"line":26,"column":12},"end":{"line":26,"column":13}},"loc":{"start":{"line":26,"column":26},"end":{"line":31,"column":7}},"line":26},"4":{"name":"(anonymous_4)","decl":{"start":{"line":34,"column":2},"end":{"line":34,"column":3}},"loc":{"start":{"line":34,"column":11},"end":{"line":42,"column":3}},"line":34}},"branchMap":{},"s":{"0":1,"1":1,"2":1,"3":1,"4":1,"5":1,"6":0,"7":1,"8":1,"9":1,"10":1},"f":{"0":1,"1":1,"2":1,"3":0,"4":1},"b":{},"_coverageSchema":"1a1c01bbd47fc00a2c39e90264f33305004495a9","hash":"5f2d3868000969195d6349fb5649e18d797fd78b"}
,"/Users/christinasantos/Related-Service/client/src/components/Header.jsx": {"path":"/Users/christinasantos/Related-Service/client/src/components/Header.jsx","statementMap":{"0":{"start":{"line":3,"column":15},"end":{"line":18,"column":1}},"1":{"start":{"line":4,"column":2},"end":{"line":17,"column":8}}},"fnMap":{"0":{"name":"(anonymous_0)","decl":{"start":{"line":3,"column":15},"end":{"line":3,"column":16}},"loc":{"start":{"line":4,"column":2},"end":{"line":17,"column":8}},"line":4}},"branchMap":{},"s":{"0":1,"1":1},"f":{"0":1},"b":{},"_coverageSchema":"1a1c01bbd47fc00a2c39e90264f33305004495a9","hash":"0392c19d44dbce215f853003ec648d1f46668fbb"}
,"/Users/christinasantos/Related-Service/client/src/components/IndividualItem.jsx": {"path":"/Users/christinasantos/Related-Service/client/src/components/IndividualItem.jsx","statementMap":{"0":{"start":{"line":4,"column":23},"end":{"line":48,"column":1}},"1":{"start":{"line":5,"column":34},"end":{"line":5,"column":49}},"2":{"start":{"line":7,"column":25},"end":{"line":9,"column":3}},"3":{"start":{"line":8,"column":4},"end":{"line":8,"column":54}},"4":{"start":{"line":11,"column":2},"end":{"line":47,"column":4}},"5":{"start":{"line":22,"column":32},"end":{"line":22,"column":68}},"6":{"start":{"line":32,"column":34},"end":{"line":32,"column":70}},"7":{"start":{"line":50,"column":0},"end":{"line":61,"column":2}},"8":{"start":{"line":63,"column":0},"end":{"line":74,"column":2}}},"fnMap":{"0":{"name":"(anonymous_0)","decl":{"start":{"line":4,"column":23},"end":{"line":4,"column":24}},"loc":{"start":{"line":4,"column":37},"end":{"line":48,"column":1}},"line":4},"1":{"name":"(anonymous_1)","decl":{"start":{"line":7,"column":25},"end":{"line":7,"column":26}},"loc":{"start":{"line":7,"column":33},"end":{"line":9,"column":3}},"line":7},"2":{"name":"(anonymous_2)","decl":{"start":{"line":22,"column":23},"end":{"line":22,"column":24}},"loc":{"start":{"line":22,"column":30},"end":{"line":22,"column":70}},"line":22},"3":{"name":"(anonymous_3)","decl":{"start":{"line":32,"column":25},"end":{"line":32,"column":26}},"loc":{"start":{"line":32,"column":32},"end":{"line":32,"column":72}},"line":32}},"branchMap":{"0":{"loc":{"start":{"line":16,"column":11},"end":{"line":39,"column":13}},"type":"cond-expr","locations":[{"start":{"line":17,"column":12},"end":{"line":25,"column":21}},{"start":{"line":28,"column":14},"end":{"line":38,"column":23}}],"line":16}},"s":{"0":3,"1":6,"2":6,"3":1,"4":6,"5":0,"6":1,"7":3,"8":3},"f":{"0":6,"1":1,"2":0,"3":1},"b":{"0":[0,6]},"_coverageSchema":"1a1c01bbd47fc00a2c39e90264f33305004495a9","hash":"6e10c79478ed13e0345273747cc690156fc31b56"}
,"/Users/christinasantos/Related-Service/client/src/components/Items.jsx": {"path":"/Users/christinasantos/Related-Service/client/src/components/Items.jsx","statementMap":{"0":{"start":{"line":5,"column":14},"end":{"line":38,"column":1}},"1":{"start":{"line":6,"column":2},"end":{"line":37,"column":8}},"2":{"start":{"line":13,"column":8},"end":{"line":19,"column":14}},"3":{"start":{"line":28,"column":8},"end":{"line":34,"column":14}},"4":{"start":{"line":40,"column":0},"end":{"line":61,"column":2}},"5":{"start":{"line":63,"column":0},"end":{"line":86,"column":2}}},"fnMap":{"0":{"name":"(anonymous_0)","decl":{"start":{"line":5,"column":14},"end":{"line":5,"column":15}},"loc":{"start":{"line":6,"column":2},"end":{"line":37,"column":8}},"line":6},"1":{"name":"(anonymous_1)","decl":{"start":{"line":12,"column":32},"end":{"line":12,"column":33}},"loc":{"start":{"line":13,"column":8},"end":{"line":19,"column":14}},"line":13},"2":{"name":"(anonymous_2)","decl":{"start":{"line":27,"column":30},"end":{"line":27,"column":31}},"loc":{"start":{"line":28,"column":8},"end":{"line":34,"column":14}},"line":28}},"branchMap":{},"s":{"0":2,"1":2,"2":1,"3":1,"4":2,"5":2},"f":{"0":2,"1":1,"2":1},"b":{},"_coverageSchema":"1a1c01bbd47fc00a2c39e90264f33305004495a9","hash":"6480bbc3a97a7f4855d015f188a07353d509c7a2"}
,"/Users/christinasantos/Related-Service/database/seedHelpers.js": {"path":"/Users/christinasantos/Related-Service/database/seedHelpers.js","statementMap":{"0":{"start":{"line":1,"column":14},"end":{"line":1,"column":30}},"1":{"start":{"line":3,"column":21},"end":{"line":14,"column":1}},"2":{"start":{"line":4,"column":15},"end":{"line":4,"column":17}},"3":{"start":{"line":5,"column":10},"end":{"line":5,"column":11}},"4":{"start":{"line":6,"column":14},"end":{"line":6,"column":58}},"5":{"start":{"line":8,"column":2},"end":{"line":12,"column":3}},"6":{"start":{"line":9,"column":16},"end":{"line":9,"column":34}},"7":{"start":{"line":10,"column":4},"end":{"line":10,"column":19}},"8":{"start":{"line":11,"column":4},"end":{"line":11,"column":11}},"9":{"start":{"line":13,"column":2},"end":{"line":13,"column":14}},"10":{"start":{"line":16,"column":24},"end":{"line":27,"column":1}},"11":{"start":{"line":17,"column":18},"end":{"line":17,"column":20}},"12":{"start":{"line":18,"column":10},"end":{"line":18,"column":11}},"13":{"start":{"line":19,"column":14},"end":{"line":19,"column":57}},"14":{"start":{"line":21,"column":2},"end":{"line":25,"column":3}},"15":{"start":{"line":22,"column":19},"end":{"line":22,"column":52}},"16":{"start":{"line":23,"column":4},"end":{"line":23,"column":25}},"17":{"start":{"line":24,"column":4},"end":{"line":24,"column":11}},"18":{"start":{"line":26,"column":2},"end":{"line":26,"column":17}},"19":{"start":{"line":29,"column":29},"end":{"line":52,"column":1}},"20":{"start":{"line":30,"column":20},"end":{"line":30,"column":22}},"21":{"start":{"line":31,"column":10},"end":{"line":31,"column":11}},"22":{"start":{"line":32,"column":16},"end":{"line":32,"column":19}},"23":{"start":{"line":33,"column":14},"end":{"line":33,"column":58}},"24":{"start":{"line":34,"column":19},"end":{"line":34,"column":46}},"25":{"start":{"line":36,"column":2},"end":{"line":50,"column":3}},"26":{"start":{"line":37,"column":4},"end":{"line":47,"column":7}},"27":{"start":{"line":48,"column":4},"end":{"line":48,"column":11}},"28":{"start":{"line":49,"column":4},"end":{"line":49,"column":17}},"29":{"start":{"line":51,"column":2},"end":{"line":51,"column":19}},"30":{"start":{"line":54,"column":29},"end":{"line":77,"column":1}},"31":{"start":{"line":55,"column":23},"end":{"line":55,"column":25}},"32":{"start":{"line":56,"column":10},"end":{"line":56,"column":11}},"33":{"start":{"line":57,"column":16},"end":{"line":57,"column":19}},"34":{"start":{"line":58,"column":14},"end":{"line":58,"column":58}},"35":{"start":{"line":60,"column":2},"end":{"line":75,"column":3}},"36":{"start":{"line":61,"column":4},"end":{"line":71,"column":7}},"37":{"start":{"line":73,"column":4},"end":{"line":73,"column":11}},"38":{"start":{"line":74,"column":4},"end":{"line":74,"column":17}},"39":{"start":{"line":76,"column":2},"end":{"line":76,"column":22}},"40":{"start":{"line":79,"column":0},"end":{"line":83,"column":2}}},"fnMap":{"0":{"name":"(anonymous_0)","decl":{"start":{"line":3,"column":21},"end":{"line":3,"column":22}},"loc":{"start":{"line":3,"column":27},"end":{"line":14,"column":1}},"line":3},"1":{"name":"(anonymous_1)","decl":{"start":{"line":16,"column":24},"end":{"line":16,"column":25}},"loc":{"start":{"line":16,"column":30},"end":{"line":27,"column":1}},"line":16},"2":{"name":"(anonymous_2)","decl":{"start":{"line":29,"column":29},"end":{"line":29,"column":30}},"loc":{"start":{"line":29,"column":35},"end":{"line":52,"column":1}},"line":29},"3":{"name":"(anonymous_3)","decl":{"start":{"line":54,"column":29},"end":{"line":54,"column":30}},"loc":{"start":{"line":54,"column":35},"end":{"line":77,"column":1}},"line":54}},"branchMap":{},"s":{"0":1,"1":1,"2":1,"3":1,"4":1,"5":1,"6":10,"7":10,"8":10,"9":1,"10":1,"11":0,"12":0,"13":0,"14":0,"15":0,"16":0,"17":0,"18":0,"19":1,"20":0,"21":0,"22":0,"23":0,"24":0,"25":0,"26":0,"27":0,"28":0,"29":0,"30":1,"31":0,"32":0,"33":0,"34":0,"35":0,"36":0,"37":0,"38":0,"39":0,"40":1},"f":{"0":1,"1":0,"2":0,"3":0},"b":{},"_coverageSchema":"1a1c01bbd47fc00a2c39e90264f33305004495a9","hash":"ea5ee25e3981452996fe0cb5939a919e768a9d93"}
}
