{"/Users/christinasantos/Related-Service/client/src/components/App.jsx": {"path":"/Users/christinasantos/Related-Service/client/src/components/App.jsx","statementMap":{"0":{"start":{"line":10,"column":4},"end":{"line":10,"column":17}},"1":{"start":{"line":12,"column":4},"end":{"line":18,"column":6}},"2":{"start":{"line":20,"column":4},"end":{"line":20,"column":49}},"3":{"start":{"line":21,"column":4},"end":{"line":21,"column":47}},"4":{"start":{"line":22,"column":4},"end":{"line":22,"column":49}},"5":{"start":{"line":26,"column":4},"end":{"line":26,"column":22}},"6":{"start":{"line":30,"column":29},"end":{"line":30,"column":39}},"7":{"start":{"line":31,"column":4},"end":{"line":37,"column":9}},"8":{"start":{"line":33,"column":8},"end":{"line":36,"column":11}},"9":{"start":{"line":41,"column":4},"end":{"line":43,"column":7}},"10":{"start":{"line":47,"column":4},"end":{"line":51,"column":7}},"11":{"start":{"line":57,"column":8},"end":{"line":57,"column":18}},"12":{"start":{"line":58,"column":4},"end":{"line":64,"column":6}},"13":{"start":{"line":62,"column":147},"end":{"line":62,"column":173}},"14":{"start":{"line":62,"column":201},"end":{"line":62,"column":227}},"15":{"start":{"line":68,"column":0},"end":{"line":70,"column":2}},"16":{"start":{"line":72,"column":0},"end":{"line":74,"column":2}}},"fnMap":{"0":{"name":"(anonymous_0)","decl":{"start":{"line":9,"column":2},"end":{"line":9,"column":3}},"loc":{"start":{"line":9,"column":21},"end":{"line":23,"column":3}},"line":9},"1":{"name":"(anonymous_1)","decl":{"start":{"line":25,"column":2},"end":{"line":25,"column":3}},"loc":{"start":{"line":25,"column":22},"end":{"line":27,"column":3}},"line":25},"2":{"name":"(anonymous_2)","decl":{"start":{"line":29,"column":2},"end":{"line":29,"column":3}},"loc":{"start":{"line":29,"column":15},"end":{"line":38,"column":3}},"line":29},"3":{"name":"(anonymous_3)","decl":{"start":{"line":32,"column":12},"end":{"line":32,"column":13}},"loc":{"start":{"line":32,"column":26},"end":{"line":37,"column":7}},"line":32},"4":{"name":"(anonymous_4)","decl":{"start":{"line":40,"column":2},"end":{"line":40,"column":3}},"loc":{"start":{"line":40,"column":15},"end":{"line":44,"column":3}},"line":40},"5":{"name":"(anonymous_5)","decl":{"start":{"line":46,"column":2},"end":{"line":46,"column":3}},"loc":{"start":{"line":46,"column":21},"end":{"line":52,"column":3}},"line":46},"6":{"name":"(anonymous_6)","decl":{"start":{"line":54,"column":2},"end":{"line":54,"column":3}},"loc":{"start":{"line":54,"column":11},"end":{"line":65,"column":3}},"line":54},"7":{"name":"(anonymous_7)","decl":{"start":{"line":62,"column":137},"end":{"line":62,"column":138}},"loc":{"start":{"line":62,"column":147},"end":{"line":62,"column":173}},"line":62},"8":{"name":"(anonymous_8)","decl":{"start":{"line":62,"column":191},"end":{"line":62,"column":192}},"loc":{"start":{"line":62,"column":201},"end":{"line":62,"column":227}},"line":62}},"branchMap":{"0":{"loc":{"start":{"line":62,"column":93},"end":{"line":62,"column":228}},"type":"cond-expr","locations":[{"start":{"line":62,"column":121},"end":{"line":62,"column":174}},{"start":{"line":62,"column":177},"end":{"line":62,"column":228}}],"line":62}},"s":{"0":1,"1":1,"2":1,"3":1,"4":1,"5":1,"6":1,"7":1,"8":0,"9":0,"10":0,"11":1,"12":1,"13":0,"14":0,"15":1,"16":1},"f":{"0":1,"1":1,"2":1,"3":0,"4":0,"5":0,"6":1,"7":0,"8":0},"b":{"0":[0,1]},"_coverageSchema":"1a1c01bbd47fc00a2c39e90264f33305004495a9","hash":"1a1e7ddecab1197a5c96fb7db2089b88ac1b0e55"}
,"/Users/christinasantos/Related-Service/client/src/components/Header.jsx": {"path":"/Users/christinasantos/Related-Service/client/src/components/Header.jsx","statementMap":{"0":{"start":{"line":3,"column":15},"end":{"line":18,"column":1}},"1":{"start":{"line":4,"column":2},"end":{"line":17,"column":8}}},"fnMap":{"0":{"name":"(anonymous_0)","decl":{"start":{"line":3,"column":15},"end":{"line":3,"column":16}},"loc":{"start":{"line":4,"column":2},"end":{"line":17,"column":8}},"line":4}},"branchMap":{},"s":{"0":1,"1":1},"f":{"0":1},"b":{},"_coverageSchema":"1a1c01bbd47fc00a2c39e90264f33305004495a9","hash":"0392c19d44dbce215f853003ec648d1f46668fbb"}
,"/Users/christinasantos/Related-Service/client/src/components/IndividualItem.jsx": {"path":"/Users/christinasantos/Related-Service/client/src/components/IndividualItem.jsx","statementMap":{"0":{"start":{"line":4,"column":23},"end":{"line":103,"column":1}},"1":{"start":{"line":5,"column":34},"end":{"line":5,"column":49}},"2":{"start":{"line":7,"column":25},"end":{"line":9,"column":3}},"3":{"start":{"line":8,"column":4},"end":{"line":8,"column":54}},"4":{"start":{"line":11,"column":22},"end":{"line":15,"column":3}},"5":{"start":{"line":12,"column":25},"end":{"line":12,"column":41}},"6":{"start":{"line":13,"column":19},"end":{"line":13,"column":35}},"7":{"start":{"line":14,"column":4},"end":{"line":14,"column":28}},"8":{"start":{"line":17,"column":2},"end":{"line":102,"column":4}},"9":{"start":{"line":43,"column":32},"end":{"line":43,"column":68}},"10":{"start":{"line":53,"column":34},"end":{"line":53,"column":70}},"11":{"start":{"line":105,"column":0},"end":{"line":118,"column":2}},"12":{"start":{"line":120,"column":0},"end":{"line":133,"column":2}}},"fnMap":{"0":{"name":"(anonymous_0)","decl":{"start":{"line":4,"column":23},"end":{"line":4,"column":24}},"loc":{"start":{"line":4,"column":53},"end":{"line":103,"column":1}},"line":4},"1":{"name":"(anonymous_1)","decl":{"start":{"line":7,"column":25},"end":{"line":7,"column":26}},"loc":{"start":{"line":7,"column":33},"end":{"line":9,"column":3}},"line":7},"2":{"name":"(anonymous_2)","decl":{"start":{"line":11,"column":22},"end":{"line":11,"column":23}},"loc":{"start":{"line":11,"column":29},"end":{"line":15,"column":3}},"line":11},"3":{"name":"(anonymous_3)","decl":{"start":{"line":43,"column":23},"end":{"line":43,"column":24}},"loc":{"start":{"line":43,"column":30},"end":{"line":43,"column":70}},"line":43},"4":{"name":"(anonymous_4)","decl":{"start":{"line":53,"column":25},"end":{"line":53,"column":26}},"loc":{"start":{"line":53,"column":32},"end":{"line":53,"column":72}},"line":53},"5":{"name":"(anonymous_5)","decl":{"start":{"line":132,"column":13},"end":{"line":132,"column":14}},"loc":{"start":{"line":132,"column":19},"end":{"line":132,"column":21}},"line":132}},"branchMap":{"0":{"loc":{"start":{"line":37,"column":11},"end":{"line":60,"column":13}},"type":"cond-expr","locations":[{"start":{"line":38,"column":12},"end":{"line":46,"column":21}},{"start":{"line":49,"column":14},"end":{"line":59,"column":23}}],"line":37}},"s":{"0":3,"1":7,"2":7,"3":1,"4":7,"5":1,"6":1,"7":1,"8":7,"9":0,"10":1,"11":3,"12":3},"f":{"0":7,"1":1,"2":1,"3":0,"4":1,"5":1},"b":{"0":[0,7]},"_coverageSchema":"1a1c01bbd47fc00a2c39e90264f33305004495a9","hash":"e3cb53c869fa920ca7472d9ddbd8df329653474d"}
,"/Users/christinasantos/Related-Service/client/src/components/Items.jsx": {"path":"/Users/christinasantos/Related-Service/client/src/components/Items.jsx","statementMap":{"0":{"start":{"line":5,"column":14},"end":{"line":42,"column":1}},"1":{"start":{"line":6,"column":2},"end":{"line":41,"column":8}},"2":{"start":{"line":13,"column":8},"end":{"line":21,"column":14}},"3":{"start":{"line":30,"column":8},"end":{"line":38,"column":14}},"4":{"start":{"line":44,"column":0},"end":{"line":66,"column":2}},"5":{"start":{"line":68,"column":0},"end":{"line":92,"column":2}}},"fnMap":{"0":{"name":"(anonymous_0)","decl":{"start":{"line":5,"column":14},"end":{"line":5,"column":15}},"loc":{"start":{"line":6,"column":2},"end":{"line":41,"column":8}},"line":6},"1":{"name":"(anonymous_1)","decl":{"start":{"line":12,"column":32},"end":{"line":12,"column":33}},"loc":{"start":{"line":13,"column":8},"end":{"line":21,"column":14}},"line":13},"2":{"name":"(anonymous_2)","decl":{"start":{"line":29,"column":30},"end":{"line":29,"column":31}},"loc":{"start":{"line":30,"column":8},"end":{"line":38,"column":14}},"line":30},"3":{"name":"(anonymous_3)","decl":{"start":{"line":91,"column":13},"end":{"line":91,"column":14}},"loc":{"start":{"line":91,"column":19},"end":{"line":91,"column":21}},"line":91}},"branchMap":{},"s":{"0":2,"1":2,"2":1,"3":1,"4":2,"5":2},"f":{"0":2,"1":1,"2":1,"3":0},"b":{},"_coverageSchema":"1a1c01bbd47fc00a2c39e90264f33305004495a9","hash":"74f3294b5c14940bc4b559f117dcae98725414f5"}
,"/Users/christinasantos/Related-Service/client/src/components/Modal.jsx": {"path":"/Users/christinasantos/Related-Service/client/src/components/Modal.jsx","statementMap":{"0":{"start":{"line":4,"column":14},"end":{"line":85,"column":1}},"1":{"start":{"line":5,"column":28},"end":{"line":5,"column":39}},"2":{"start":{"line":7,"column":28},"end":{"line":10,"column":3}},"3":{"start":{"line":8,"column":21},"end":{"line":8,"column":48}},"4":{"start":{"line":9,"column":4},"end":{"line":9,"column":23}},"5":{"start":{"line":12,"column":22},"end":{"line":16,"column":3}},"6":{"start":{"line":13,"column":4},"end":{"line":13,"column":23}},"7":{"start":{"line":14,"column":4},"end":{"line":14,"column":16}},"8":{"start":{"line":15,"column":4},"end":{"line":15,"column":17}},"9":{"start":{"line":18,"column":26},"end":{"line":24,"column":3}},"10":{"start":{"line":19,"column":24},"end":{"line":19,"column":26}},"11":{"start":{"line":20,"column":4},"end":{"line":22,"column":5}},"12":{"start":{"line":20,"column":17},"end":{"line":20,"column":18}},"13":{"start":{"line":21,"column":6},"end":{"line":21,"column":50}},"14":{"start":{"line":23,"column":4},"end":{"line":23,"column":38}},"15":{"start":{"line":26,"column":2},"end":{"line":28,"column":3}},"16":{"start":{"line":27,"column":4},"end":{"line":27,"column":16}},"17":{"start":{"line":29,"column":2},"end":{"line":84,"column":4}},"18":{"start":{"line":87,"column":0},"end":{"line":100,"column":2}},"19":{"start":{"line":102,"column":0},"end":{"line":116,"column":2}}},"fnMap":{"0":{"name":"(anonymous_0)","decl":{"start":{"line":4,"column":14},"end":{"line":4,"column":15}},"loc":{"start":{"line":4,"column":46},"end":{"line":85,"column":1}},"line":4},"1":{"name":"(anonymous_1)","decl":{"start":{"line":7,"column":28},"end":{"line":7,"column":29}},"loc":{"start":{"line":7,"column":35},"end":{"line":10,"column":3}},"line":7},"2":{"name":"(anonymous_2)","decl":{"start":{"line":12,"column":22},"end":{"line":12,"column":23}},"loc":{"start":{"line":12,"column":29},"end":{"line":16,"column":3}},"line":12},"3":{"name":"(anonymous_3)","decl":{"start":{"line":18,"column":26},"end":{"line":18,"column":27}},"loc":{"start":{"line":18,"column":32},"end":{"line":24,"column":3}},"line":18},"4":{"name":"(anonymous_4)","decl":{"start":{"line":103,"column":14},"end":{"line":103,"column":15}},"loc":{"start":{"line":103,"column":20},"end":{"line":103,"column":22}},"line":103}},"branchMap":{"0":{"loc":{"start":{"line":26,"column":2},"end":{"line":28,"column":3}},"type":"if","locations":[{"start":{"line":26,"column":2},"end":{"line":28,"column":3}},{"start":{"line":26,"column":2},"end":{"line":28,"column":3}}],"line":26}},"s":{"0":2,"1":4,"2":4,"3":0,"4":0,"5":4,"6":1,"7":1,"8":1,"9":4,"10":3,"11":3,"12":3,"13":5,"14":3,"15":4,"16":1,"17":3,"18":2,"19":2},"f":{"0":4,"1":0,"2":1,"3":3,"4":1},"b":{"0":[1,3]},"_coverageSchema":"1a1c01bbd47fc00a2c39e90264f33305004495a9","hash":"890f61f865dc009768a8cc5dbb3692374f256fce"}
,"/Users/christinasantos/Related-Service/database/seedHelpers.js": {"path":"/Users/christinasantos/Related-Service/database/seedHelpers.js","statementMap":{"0":{"start":{"line":1,"column":14},"end":{"line":1,"column":30}},"1":{"start":{"line":3,"column":24},"end":{"line":14,"column":1}},"2":{"start":{"line":4,"column":18},"end":{"line":4,"column":20}},"3":{"start":{"line":5,"column":10},"end":{"line":5,"column":11}},"4":{"start":{"line":6,"column":14},"end":{"line":6,"column":57}},"5":{"start":{"line":8,"column":2},"end":{"line":12,"column":3}},"6":{"start":{"line":9,"column":19},"end":{"line":9,"column":52}},"7":{"start":{"line":10,"column":4},"end":{"line":10,"column":25}},"8":{"start":{"line":11,"column":4},"end":{"line":11,"column":11}},"9":{"start":{"line":13,"column":2},"end":{"line":13,"column":17}},"10":{"start":{"line":16,"column":23},"end":{"line":26,"column":1}},"11":{"start":{"line":17,"column":17},"end":{"line":17,"column":19}},"12":{"start":{"line":18,"column":10},"end":{"line":18,"column":11}},"13":{"start":{"line":20,"column":2},"end":{"line":24,"column":3}},"14":{"start":{"line":21,"column":18},"end":{"line":21,"column":37}},"15":{"start":{"line":22,"column":4},"end":{"line":22,"column":23}},"16":{"start":{"line":23,"column":4},"end":{"line":23,"column":11}},"17":{"start":{"line":25,"column":2},"end":{"line":25,"column":16}},"18":{"start":{"line":28,"column":29},"end":{"line":51,"column":1}},"19":{"start":{"line":29,"column":20},"end":{"line":29,"column":22}},"20":{"start":{"line":30,"column":10},"end":{"line":30,"column":11}},"21":{"start":{"line":31,"column":16},"end":{"line":31,"column":19}},"22":{"start":{"line":32,"column":14},"end":{"line":32,"column":58}},"23":{"start":{"line":33,"column":19},"end":{"line":33,"column":46}},"24":{"start":{"line":35,"column":2},"end":{"line":49,"column":3}},"25":{"start":{"line":36,"column":4},"end":{"line":46,"column":7}},"26":{"start":{"line":47,"column":4},"end":{"line":47,"column":11}},"27":{"start":{"line":48,"column":4},"end":{"line":48,"column":17}},"28":{"start":{"line":50,"column":2},"end":{"line":50,"column":19}},"29":{"start":{"line":53,"column":29},"end":{"line":76,"column":1}},"30":{"start":{"line":54,"column":23},"end":{"line":54,"column":25}},"31":{"start":{"line":55,"column":10},"end":{"line":55,"column":11}},"32":{"start":{"line":56,"column":16},"end":{"line":56,"column":19}},"33":{"start":{"line":57,"column":14},"end":{"line":57,"column":58}},"34":{"start":{"line":59,"column":2},"end":{"line":74,"column":3}},"35":{"start":{"line":60,"column":4},"end":{"line":70,"column":7}},"36":{"start":{"line":72,"column":4},"end":{"line":72,"column":11}},"37":{"start":{"line":73,"column":4},"end":{"line":73,"column":17}},"38":{"start":{"line":75,"column":2},"end":{"line":75,"column":22}},"39":{"start":{"line":78,"column":0},"end":{"line":82,"column":2}}},"fnMap":{"0":{"name":"(anonymous_0)","decl":{"start":{"line":3,"column":24},"end":{"line":3,"column":25}},"loc":{"start":{"line":3,"column":30},"end":{"line":14,"column":1}},"line":3},"1":{"name":"(anonymous_1)","decl":{"start":{"line":16,"column":23},"end":{"line":16,"column":24}},"loc":{"start":{"line":16,"column":29},"end":{"line":26,"column":1}},"line":16},"2":{"name":"(anonymous_2)","decl":{"start":{"line":28,"column":29},"end":{"line":28,"column":30}},"loc":{"start":{"line":28,"column":35},"end":{"line":51,"column":1}},"line":28},"3":{"name":"(anonymous_3)","decl":{"start":{"line":53,"column":29},"end":{"line":53,"column":30}},"loc":{"start":{"line":53,"column":35},"end":{"line":76,"column":1}},"line":53}},"branchMap":{},"s":{"0":1,"1":1,"2":14,"3":14,"4":14,"5":14,"6":30,"7":30,"8":30,"9":14,"10":1,"11":13,"12":13,"13":13,"14":52,"15":52,"16":52,"17":13,"18":1,"19":1,"20":1,"21":1,"22":1,"23":1,"24":1,"25":8,"26":8,"27":8,"28":1,"29":1,"30":1,"31":1,"32":1,"33":1,"34":1,"35":5,"36":5,"37":5,"38":1,"39":1},"f":{"0":14,"1":13,"2":1,"3":1},"b":{},"_coverageSchema":"1a1c01bbd47fc00a2c39e90264f33305004495a9","hash":"15f2b40ca0daf3a22f37cb6a0d03d2a89ab12938"}
}
