TN:
SF:client/src/components/App.jsx
FN:9,(anonymous_0)
FN:25,(anonymous_1)
FN:29,(anonymous_2)
FN:32,(anonymous_3)
FN:40,(anonymous_4)
FN:46,(anonymous_5)
FN:54,(anonymous_6)
FN:62,(anonymous_7)
FN:62,(anonymous_8)
FNF:9
FNH:4
FNDA:1,(anonymous_0)
FNDA:1,(anonymous_1)
FNDA:1,(anonymous_2)
FNDA:0,(anonymous_3)
FNDA:0,(anonymous_4)
FNDA:0,(anonymous_5)
FNDA:1,(anonymous_6)
FNDA:0,(anonymous_7)
FNDA:0,(anonymous_8)
DA:10,1
DA:12,1
DA:20,1
DA:21,1
DA:22,1
DA:26,1
DA:30,1
DA:31,1
DA:33,0
DA:41,0
DA:47,0
DA:57,1
DA:58,1
DA:62,0
DA:68,1
DA:72,1
LF:16
LH:12
BRDA:62,0,0,0
BRDA:62,0,1,1
BRF:2
BRH:1
end_of_record
TN:
SF:client/src/components/Header.jsx
FN:3,(anonymous_0)
FNF:1
FNH:1
FNDA:1,(anonymous_0)
DA:3,1
DA:4,1
LF:2
LH:2
BRF:0
BRH:0
end_of_record
TN:
SF:client/src/components/IndividualItem.jsx
FN:4,(anonymous_0)
FN:7,(anonymous_1)
FN:11,(anonymous_2)
FN:43,(anonymous_3)
FN:53,(anonymous_4)
FN:132,(anonymous_5)
FNF:6
FNH:5
FNDA:7,(anonymous_0)
FNDA:1,(anonymous_1)
FNDA:1,(anonymous_2)
FNDA:0,(anonymous_3)
FNDA:1,(anonymous_4)
FNDA:1,(anonymous_5)
DA:4,3
DA:5,7
DA:7,7
DA:8,1
DA:11,7
DA:12,1
DA:13,1
DA:14,1
DA:17,7
DA:43,0
DA:53,1
DA:105,3
DA:120,3
LF:13
LH:12
BRDA:37,0,0,0
BRDA:37,0,1,7
BRF:2
BRH:1
end_of_record
TN:
SF:client/src/components/Items.jsx
FN:5,(anonymous_0)
FN:12,(anonymous_1)
FN:29,(anonymous_2)
FN:91,(anonymous_3)
FNF:4
FNH:3
FNDA:2,(anonymous_0)
FNDA:1,(anonymous_1)
FNDA:1,(anonymous_2)
FNDA:0,(anonymous_3)
DA:5,2
DA:6,2
DA:13,1
DA:30,1
DA:44,2
DA:68,2
LF:6
LH:6
BRF:0
BRH:0
end_of_record
TN:
SF:client/src/components/Modal.jsx
FN:4,(anonymous_0)
FN:7,(anonymous_1)
FN:12,(anonymous_2)
FN:18,(anonymous_3)
FN:103,(anonymous_4)
FNF:5
FNH:4
FNDA:4,(anonymous_0)
FNDA:0,(anonymous_1)
FNDA:1,(anonymous_2)
FNDA:3,(anonymous_3)
FNDA:1,(anonymous_4)
DA:4,2
DA:5,4
DA:7,4
DA:8,0
DA:9,0
DA:12,4
DA:13,1
DA:14,1
DA:15,1
DA:18,4
DA:19,3
DA:20,3
DA:21,5
DA:23,3
DA:26,4
DA:27,1
DA:29,3
DA:87,2
DA:102,2
LF:19
LH:17
BRDA:26,0,0,1
BRDA:26,0,1,3
BRF:2
BRH:2
end_of_record
TN:
SF:database/seedHelpers.js
FN:3,(anonymous_0)
FN:16,(anonymous_1)
FN:28,(anonymous_2)
FN:53,(anonymous_3)
FNF:4
FNH:4
FNDA:14,(anonymous_0)
FNDA:13,(anonymous_1)
FNDA:1,(anonymous_2)
FNDA:1,(anonymous_3)
DA:1,1
DA:3,1
DA:4,14
DA:5,14
DA:6,14
DA:8,14
DA:9,30
DA:10,30
DA:11,30
DA:13,14
DA:16,1
DA:17,13
DA:18,13
DA:20,13
DA:21,52
DA:22,52
DA:23,52
DA:25,13
DA:28,1
DA:29,1
DA:30,1
DA:31,1
DA:32,1
DA:33,1
DA:35,1
DA:36,8
DA:47,8
DA:48,8
DA:50,1
DA:53,1
DA:54,1
DA:55,1
DA:56,1
DA:57,1
DA:59,1
DA:60,5
DA:72,5
DA:73,5
DA:75,1
DA:78,1
LF:40
LH:40
BRF:0
BRH:0
end_of_record
