TN:
SF:client/src/components/Header.jsx
FN:3,(anonymous_0)
FNF:1
FNH:1
FNDA:1,(anonymous_0)
DA:3,1
DA:4,1
LF:2
LH:2
BRF:0
BRH:0
end_of_record
TN:
SF:client/src/components/IndividualItem.jsx
FN:4,(anonymous_0)
FN:7,(anonymous_1)
FN:11,(anonymous_2)
FN:45,(anonymous_3)
FN:55,(anonymous_4)
FN:134,(anonymous_5)
FNF:6
FNH:5
FNDA:7,(anonymous_0)
FNDA:1,(anonymous_1)
FNDA:1,(anonymous_2)
FNDA:0,(anonymous_3)
FNDA:1,(anonymous_4)
FNDA:1,(anonymous_5)
DA:4,3
DA:5,7
DA:7,7
DA:8,1
DA:11,7
DA:12,1
DA:13,1
DA:14,1
DA:17,7
DA:45,0
DA:55,1
DA:107,3
DA:122,3
LF:13
LH:12
BRDA:39,0,0,0
BRDA:39,0,1,7
BRF:2
BRH:1
end_of_record
TN:
SF:client/src/components/Items.jsx
FN:5,(anonymous_0)
FN:12,(anonymous_1)
FN:29,(anonymous_2)
FN:91,(anonymous_3)
FNF:4
FNH:3
FNDA:2,(anonymous_0)
FNDA:1,(anonymous_1)
FNDA:1,(anonymous_2)
FNDA:0,(anonymous_3)
DA:5,2
DA:6,2
DA:13,1
DA:30,1
DA:44,2
DA:68,2
LF:6
LH:6
BRF:0
BRH:0
end_of_record
TN:
SF:client/src/components/Modal.jsx
FN:4,(anonymous_0)
FN:8,(anonymous_1)
FN:13,(anonymous_2)
FN:19,(anonymous_3)
FN:95,(anonymous_4)
FN:105,(anonymous_5)
FN:177,(anonymous_6)
FNF:7
FNH:6
FNDA:8,(anonymous_0)
FNDA:1,(anonymous_1)
FNDA:1,(anonymous_2)
FNDA:7,(anonymous_3)
FNDA:0,(anonymous_4)
FNDA:1,(anonymous_5)
FNDA:1,(anonymous_6)
DA:4,2
DA:5,8
DA:6,8
DA:8,8
DA:9,1
DA:10,1
DA:13,8
DA:14,1
DA:15,1
DA:16,1
DA:19,8
DA:20,7
DA:21,7
DA:22,13
DA:24,7
DA:27,8
DA:28,1
DA:30,7
DA:95,0
DA:105,1
DA:161,2
DA:176,2
LF:22
LH:21
BRDA:27,0,0,1
BRDA:27,0,1,7
BRDA:90,1,0,1
BRDA:90,1,1,6
BRF:4
BRH:4
end_of_record
TN:
SF:client/src/components/Related.jsx
FN:9,(anonymous_0)
FN:25,(anonymous_1)
FN:29,(anonymous_2)
FN:32,(anonymous_3)
FN:40,(anonymous_4)
FN:46,(anonymous_5)
FN:54,(anonymous_6)
FN:77,(anonymous_7)
FN:77,(anonymous_8)
FNF:9
FNH:4
FNDA:1,(anonymous_0)
FNDA:1,(anonymous_1)
FNDA:1,(anonymous_2)
FNDA:0,(anonymous_3)
FNDA:0,(anonymous_4)
FNDA:0,(anonymous_5)
FNDA:1,(anonymous_6)
FNDA:0,(anonymous_7)
FNDA:0,(anonymous_8)
DA:10,1
DA:12,1
DA:20,1
DA:21,1
DA:22,1
DA:26,1
DA:30,1
DA:31,1
DA:33,0
DA:41,0
DA:47,0
DA:57,1
DA:59,1
DA:77,0
DA:86,1
DA:90,1
LF:16
LH:12
BRDA:77,0,0,0
BRDA:77,0,1,1
BRF:2
BRH:1
end_of_record
TN:
SF:database/seedHelpers.js
FN:3,(anonymous_0)
FN:16,(anonymous_1)
FN:28,(anonymous_2)
FN:53,(anonymous_3)
FNF:4
FNH:4
FNDA:19,(anonymous_0)
FNDA:18,(anonymous_1)
FNDA:1,(anonymous_2)
FNDA:1,(anonymous_3)
DA:1,1
DA:3,1
DA:4,19
DA:5,19
DA:6,19
DA:8,19
DA:9,42
DA:10,42
DA:11,42
DA:13,19
DA:16,1
DA:17,18
DA:18,18
DA:20,18
DA:21,72
DA:22,72
DA:23,72
DA:25,18
DA:28,1
DA:29,1
DA:30,1
DA:31,1
DA:32,1
DA:33,1
DA:35,1
DA:36,10
DA:47,10
DA:48,10
DA:50,1
DA:53,1
DA:54,1
DA:55,1
DA:56,1
DA:57,1
DA:59,1
DA:60,8
DA:72,8
DA:73,8
DA:75,1
DA:78,1
LF:40
LH:40
BRF:0
BRH:0
end_of_record
